This file contains any messages produced by compilers while
running configure, to aid debugging if configure makes a mistake.

It was created by fdk-aac configure 2.0.0, which was
generated by GNU Autoconf 2.69.  Invocation command line was

  $ ./configure --enable-shared --enable-static --prefix=/home/zhenya.hong/dev_i6dc_bringup-cardv/sdk/verify/CardvUI/ffmpeg/fdk-aac-2.0.0/output/glibc/9.1.0 --host=arm-linux-gnueabihf

## --------- ##
## Platform. ##
## --------- ##

hostname = xml3bc06401
uname -m = x86_64
uname -r = 4.15.0-192-generic
uname -s = Linux
uname -v = #203-Ubuntu SMP Wed Aug 10 17:40:03 UTC 2022

/usr/bin/uname -p = unknown
/bin/uname -X     = unknown

/bin/arch              = unknown
/usr/bin/arch -k       = unknown
/usr/convex/getsysinfo = unknown
/usr/bin/hostinfo      = unknown
/bin/machine           = unknown
/usr/bin/oslevel       = unknown
/bin/universe          = unknown

PATH: /tools/toolchain/gcc-sigmastar-9.1.0-2019.11-x86_64_arm-eabi/bin
PATH: /tools/toolchain/gcc-11.1.0-20210608-sigmastar-glibc-x86_64_arm-linux-gnueabihf/bin
PATH: /tools/bin
PATH: /tools/sigmastar/bin
PATH: /tools/script/DevOps/ssbuild
PATH: /tools/software/anaconda3-4.4.0/condabin
PATH: /usr/local/sbin
PATH: /usr/local/bin
PATH: /usr/sbin
PATH: /usr/bin
PATH: /sbin
PATH: /bin
PATH: /usr/games
PATH: /usr/local/games
PATH: /snap/bin


## ----------- ##
## Core tests. ##
## ----------- ##

configure:2321: checking for a BSD-compatible install
configure:2389: result: /usr/bin/install -c
configure:2400: checking whether build environment is sane
configure:2455: result: yes
configure:2514: checking for arm-linux-gnueabihf-strip
configure:2530: found /tools/toolchain/gcc-11.1.0-20210608-sigmastar-glibc-x86_64_arm-linux-gnueabihf/bin/arm-linux-gnueabihf-strip
configure:2541: result: arm-linux-gnueabihf-strip
configure:2606: checking for a thread-safe mkdir -p
configure:2645: result: /bin/mkdir -p
configure:2652: checking for gawk
configure:2668: found /usr/bin/gawk
configure:2679: result: gawk
configure:2690: checking whether make sets $(MAKE)
configure:2712: result: yes
configure:2741: checking whether make supports nested variables
configure:2758: result: yes
configure:2847: checking whether UID '10855' is supported by ustar format
configure:2850: result: yes
configure:2857: checking whether GID '1513' is supported by ustar format
configure:2860: result: yes
configure:2868: checking how to create a ustar tar archive
configure:2879: tar --version
tar (GNU tar) 1.29
Copyright (C) 2015 Free Software Foundation, Inc.
License GPLv3+: GNU GPL version 3 or later <http://gnu.org/licenses/gpl.html>.
This is free software: you are free to change and redistribute it.
There is NO WARRANTY, to the extent permitted by law.

Written by John Gilmore and Jay Fenlason.
configure:2882: $? = 0
configure:2922: tardir=conftest.dir && eval tar --format=ustar -chf - "$tardir" >conftest.tar
configure:2925: $? = 0
configure:2929: tar -xf - <conftest.tar
configure:2932: $? = 0
configure:2934: cat conftest.dir/file
GrepMe
configure:2937: $? = 0
configure:2950: result: gnutar
configure:3011: checking whether make supports nested variables
configure:3028: result: yes
configure:3065: checking for arm-linux-gnueabihf-gcc
configure:3092: result: arm-linux-gnueabihf-gcc
configure:3361: checking for C compiler version
configure:3370: arm-linux-gnueabihf-gcc --version >&5
arm-linux-gnueabihf-gcc (GCC) 11.1.0
Copyright (C) 2021 Free Software Foundation, Inc.
This is free software; see the source for copying conditions.  There is NO
warranty; not even for MERCHANTABILITY or FITNESS FOR A PARTICULAR PURPOSE.

configure:3381: $? = 0
configure:3370: arm-linux-gnueabihf-gcc -v >&5
Using built-in specs.
COLLECT_GCC=arm-linux-gnueabihf-gcc
COLLECT_LTO_WRAPPER=/tools/toolchain.now/gcc-11.1.0-20210608-sigmastar-glibc-x86_64_arm-linux-gnueabihf/bin/../libexec/gcc/arm-linux-gnueabihf/11.1.0/lto-wrapper
Target: arm-linux-gnueabihf
Configured with: '/home/zhangzuhuang/linaro-abe/download/build/snapshots/gcc.git~releases~gcc-11.1.0/configure' SHELL=/bin/sh --with-mpc=/home/zhangzuhuang/linaro-abe/download/build/builds/destdir/x86_64-pc-linux-gnu --with-mpfr=/home/zhangzuhuang/linaro-abe/download/build/builds/destdir/x86_64-pc-linux-gnu --with-gmp=/home/zhangzuhuang/linaro-abe/download/build/builds/destdir/x86_64-pc-linux-gnu --with-gnu-as --with-gnu-ld --disable-libmudflap --enable-lto --enable-shared --without-included-gettext --enable-nls --with-system-zlib --disable-sjlj-exceptions --enable-gnu-unique-object --enable-linker-build-id --disable-libstdcxx-pch --enable-c99 --enable-clocale=gnu --enable-libstdcxx-debug --enable-long-long --with-cloog=no --with-ppl=no --with-isl=no --disable-multilib --with-float=hard --with-fpu=neon-vfpv4 --with-mode=thumb --with-arch=armv7-a --enable-threads=posix --enable-multiarch --enable-libstdcxx-time=yes --enable-gnu-indirect-function --with-sysroot=/home/zhangzuhuang/linaro-abe/download/build/builds/destdir/x86_64-pc-linux-gnu/arm-linux-gnueabihf/libc --enable-checking=release --disable-bootstrap --enable-languages=c,c++,fortran,lto --prefix=/home/zhangzuhuang/linaro-abe/download/build/builds/destdir/x86_64-pc-linux-gnu --build=x86_64-pc-linux-gnu --host=x86_64-pc-linux-gnu --target=arm-linux-gnueabihf
Thread model: posix
Supported LTO compression algorithms: zlib
gcc version 11.1.0 (GCC) 
configure:3381: $? = 0
configure:3370: arm-linux-gnueabihf-gcc -V >&5
arm-linux-gnueabihf-gcc: error: unrecognized command-line option '-V'
arm-linux-gnueabihf-gcc: fatal error: no input files
compilation terminated.
configure:3381: $? = 1
configure:3370: arm-linux-gnueabihf-gcc -qversion >&5
arm-linux-gnueabihf-gcc: error: unrecognized command-line option '-qversion'; did you mean '--version'?
arm-linux-gnueabihf-gcc: fatal error: no input files
compilation terminated.
configure:3381: $? = 1
configure:3401: checking whether the C compiler works
configure:3423: arm-linux-gnueabihf-gcc -fPIC  -g -O2 -fPIC  -g -O2 -lc -lgcc -lm -ldl   conftest.c  >&5
configure:3427: $? = 0
configure:3475: result: yes
configure:3478: checking for C compiler default output file name
configure:3480: result: a.out
configure:3486: checking for suffix of executables
configure:3493: arm-linux-gnueabihf-gcc -o conftest -fPIC  -g -O2 -fPIC  -g -O2 -lc -lgcc -lm -ldl   conftest.c  >&5
configure:3497: $? = 0
configure:3519: result: 
configure:3541: checking whether we are cross compiling
configure:3549: arm-linux-gnueabihf-gcc -o conftest -fPIC  -g -O2 -fPIC  -g -O2 -lc -lgcc -lm -ldl   conftest.c  >&5
configure:3553: $? = 0
configure:3560: ./conftest
./configure: line 3562: ./conftest: cannot execute binary file: Exec format error
configure:3564: $? = 126
configure:3579: result: yes
configure:3584: checking for suffix of object files
configure:3606: arm-linux-gnueabihf-gcc -c -fPIC  -g -O2 -fPIC  -g -O2 conftest.c >&5
configure:3610: $? = 0
configure:3631: result: o
configure:3635: checking whether we are using the GNU C compiler
configure:3654: arm-linux-gnueabihf-gcc -c -fPIC  -g -O2 -fPIC  -g -O2 conftest.c >&5
configure:3654: $? = 0
configure:3663: result: yes
configure:3672: checking whether arm-linux-gnueabihf-gcc accepts -g
configure:3692: arm-linux-gnueabihf-gcc -c -g -fPIC  -g -O2 conftest.c >&5
configure:3692: $? = 0
configure:3733: result: yes
configure:3750: checking for arm-linux-gnueabihf-gcc option to accept ISO C89
configure:3813: arm-linux-gnueabihf-gcc  -c -fPIC  -g -O2 -fPIC  -g -O2 conftest.c >&5
configure:3813: $? = 0
configure:3826: result: none needed
configure:3851: checking whether arm-linux-gnueabihf-gcc understands -c and -o together
configure:3873: arm-linux-gnueabihf-gcc -c conftest.c -o conftest2.o
configure:3876: $? = 0
configure:3873: arm-linux-gnueabihf-gcc -c conftest.c -o conftest2.o
configure:3876: $? = 0
configure:3888: result: yes
configure:3916: checking for style of include used by make
configure:3944: result: GNU
configure:3970: checking dependency style of arm-linux-gnueabihf-gcc
configure:4081: result: gcc3
configure:4208: checking for C++ compiler version
configure:4217: arm-linux-gnueabihf-g++ --version >&5
arm-linux-gnueabihf-g++ (GCC) 11.1.0
Copyright (C) 2021 Free Software Foundation, Inc.
This is free software; see the source for copying conditions.  There is NO
warranty; not even for MERCHANTABILITY or FITNESS FOR A PARTICULAR PURPOSE.

configure:4228: $? = 0
configure:4217: arm-linux-gnueabihf-g++ -v >&5
Using built-in specs.
COLLECT_GCC=arm-linux-gnueabihf-g++
COLLECT_LTO_WRAPPER=/tools/toolchain.now/gcc-11.1.0-20210608-sigmastar-glibc-x86_64_arm-linux-gnueabihf/bin/../libexec/gcc/arm-linux-gnueabihf/11.1.0/lto-wrapper
Target: arm-linux-gnueabihf
Configured with: '/home/zhangzuhuang/linaro-abe/download/build/snapshots/gcc.git~releases~gcc-11.1.0/configure' SHELL=/bin/sh --with-mpc=/home/zhangzuhuang/linaro-abe/download/build/builds/destdir/x86_64-pc-linux-gnu --with-mpfr=/home/zhangzuhuang/linaro-abe/download/build/builds/destdir/x86_64-pc-linux-gnu --with-gmp=/home/zhangzuhuang/linaro-abe/download/build/builds/destdir/x86_64-pc-linux-gnu --with-gnu-as --with-gnu-ld --disable-libmudflap --enable-lto --enable-shared --without-included-gettext --enable-nls --with-system-zlib --disable-sjlj-exceptions --enable-gnu-unique-object --enable-linker-build-id --disable-libstdcxx-pch --enable-c99 --enable-clocale=gnu --enable-libstdcxx-debug --enable-long-long --with-cloog=no --with-ppl=no --with-isl=no --disable-multilib --with-float=hard --with-fpu=neon-vfpv4 --with-mode=thumb --with-arch=armv7-a --enable-threads=posix --enable-multiarch --enable-libstdcxx-time=yes --enable-gnu-indirect-function --with-sysroot=/home/zhangzuhuang/linaro-abe/download/build/builds/destdir/x86_64-pc-linux-gnu/arm-linux-gnueabihf/libc --enable-checking=release --disable-bootstrap --enable-languages=c,c++,fortran,lto --prefix=/home/zhangzuhuang/linaro-abe/download/build/builds/destdir/x86_64-pc-linux-gnu --build=x86_64-pc-linux-gnu --host=x86_64-pc-linux-gnu --target=arm-linux-gnueabihf
Thread model: posix
Supported LTO compression algorithms: zlib
gcc version 11.1.0 (GCC) 
configure:4228: $? = 0
configure:4217: arm-linux-gnueabihf-g++ -V >&5
arm-linux-gnueabihf-g++: error: unrecognized command-line option '-V'
arm-linux-gnueabihf-g++: fatal error: no input files
compilation terminated.
configure:4228: $? = 1
configure:4217: arm-linux-gnueabihf-g++ -qversion >&5
arm-linux-gnueabihf-g++: error: unrecognized command-line option '-qversion'; did you mean '--version'?
arm-linux-gnueabihf-g++: fatal error: no input files
compilation terminated.
configure:4228: $? = 1
configure:4232: checking whether we are using the GNU C++ compiler
configure:4251: arm-linux-gnueabihf-g++ -c  -fPIC  -g -O2 conftest.cpp >&5
configure:4251: $? = 0
configure:4260: result: yes
configure:4269: checking whether arm-linux-gnueabihf-g++ accepts -g
configure:4289: arm-linux-gnueabihf-g++ -c -g -fPIC  -g -O2 conftest.cpp >&5
configure:4289: $? = 0
configure:4330: result: yes
configure:4355: checking dependency style of arm-linux-gnueabihf-g++
configure:4466: result: gcc3
configure:4510: checking build system type
configure:4524: result: x86_64-pc-linux-gnu
configure:4544: checking host system type
configure:4557: result: arm-unknown-linux-gnueabihf
configure:4598: checking how to print strings
configure:4625: result: printf
configure:4646: checking for a sed that does not truncate output
configure:4710: result: /bin/sed
configure:4728: checking for grep that handles long lines and -e
configure:4786: result: /bin/grep
configure:4791: checking for egrep
configure:4853: result: /bin/grep -E
configure:4858: checking for fgrep
configure:4920: result: /bin/grep -F
configure:4955: checking for ld used by arm-linux-gnueabihf-gcc
configure:5022: result: /tools/toolchain.now/gcc-11.1.0-20210608-sigmastar-glibc-x86_64_arm-linux-gnueabihf/arm-linux-gnueabihf/bin/ld
configure:5029: checking if the linker (/tools/toolchain.now/gcc-11.1.0-20210608-sigmastar-glibc-x86_64_arm-linux-gnueabihf/arm-linux-gnueabihf/bin/ld) is GNU ld
configure:5044: result: yes
configure:5056: checking for BSD- or MS-compatible name lister (nm)
configure:5110: result: /tools/toolchain/gcc-11.1.0-20210608-sigmastar-glibc-x86_64_arm-linux-gnueabihf/bin/arm-linux-gnueabihf-nm -B
configure:5240: checking the name lister (/tools/toolchain/gcc-11.1.0-20210608-sigmastar-glibc-x86_64_arm-linux-gnueabihf/bin/arm-linux-gnueabihf-nm -B) interface
configure:5247: arm-linux-gnueabihf-gcc -c -fPIC  -g -O2 -fPIC  -g -O2 conftest.c >&5
configure:5250: /tools/toolchain/gcc-11.1.0-20210608-sigmastar-glibc-x86_64_arm-linux-gnueabihf/bin/arm-linux-gnueabihf-nm -B "conftest.o"
configure:5253: output
00000000 B some_variable
configure:5260: result: BSD nm
configure:5263: checking whether ln -s works
configure:5267: result: yes
configure:5275: checking the maximum length of command line arguments
configure:5406: result: 1572864
configure:5454: checking how to convert x86_64-pc-linux-gnu file names to arm-unknown-linux-gnueabihf format
configure:5494: result: func_convert_file_noop
configure:5501: checking how to convert x86_64-pc-linux-gnu file names to toolchain format
configure:5521: result: func_convert_file_noop
configure:5528: checking for /tools/toolchain.now/gcc-11.1.0-20210608-sigmastar-glibc-x86_64_arm-linux-gnueabihf/arm-linux-gnueabihf/bin/ld option to reload object files
configure:5535: result: -r
configure:5569: checking for arm-linux-gnueabihf-objdump
configure:5585: found /tools/toolchain/gcc-11.1.0-20210608-sigmastar-glibc-x86_64_arm-linux-gnueabihf/bin/arm-linux-gnueabihf-objdump
configure:5596: result: arm-linux-gnueabihf-objdump
configure:5668: checking how to recognize dependent libraries
configure:5868: result: pass_all
configure:5913: checking for arm-linux-gnueabihf-dlltool
configure:5943: result: no
configure:5953: checking for dlltool
configure:5983: result: no
configure:6013: checking how to associate runtime and link libraries
configure:6040: result: printf %s\n
configure:6057: checking for arm-linux-gnueabihf-ar
configure:6073: found /tools/toolchain/gcc-11.1.0-20210608-sigmastar-glibc-x86_64_arm-linux-gnueabihf/bin/arm-linux-gnueabihf-ar
configure:6084: result: arm-linux-gnueabihf-ar
configure:6165: checking for archiver @FILE support
configure:6182: arm-linux-gnueabihf-gcc -c -fPIC  -g -O2 -fPIC  -g -O2 conftest.c >&5
configure:6182: $? = 0
configure:6185: arm-linux-gnueabihf-ar cru libconftest.a @conftest.lst >&5
configure:6188: $? = 0
configure:6193: arm-linux-gnueabihf-ar cru libconftest.a @conftest.lst >&5
arm-linux-gnueabihf-ar: conftest.o: No such file or directory
configure:6196: $? = 1
configure:6208: result: @
configure:6226: checking for arm-linux-gnueabihf-strip
configure:6253: result: arm-linux-gnueabihf-strip
configure:6325: checking for arm-linux-gnueabihf-ranlib
configure:6341: found /tools/toolchain/gcc-11.1.0-20210608-sigmastar-glibc-x86_64_arm-linux-gnueabihf/bin/arm-linux-gnueabihf-ranlib
configure:6352: result: arm-linux-gnueabihf-ranlib
configure:6494: checking command to parse /tools/toolchain/gcc-11.1.0-20210608-sigmastar-glibc-x86_64_arm-linux-gnueabihf/bin/arm-linux-gnueabihf-nm -B output from arm-linux-gnueabihf-gcc object
configure:6647: arm-linux-gnueabihf-gcc -c -fPIC  -g -O2 -fPIC  -g -O2 conftest.c >&5
configure:6650: $? = 0
configure:6654: /tools/toolchain/gcc-11.1.0-20210608-sigmastar-glibc-x86_64_arm-linux-gnueabihf/bin/arm-linux-gnueabihf-nm -B conftest.o \| sed -n -e 's/^.*[ ]\([ABCDGIRSTW][ABCDGIRSTW]*\)[ ][ ]*\([_A-Za-z][_A-Za-z0-9]*\)$/\1 \2 \2/p' | sed '/ __gnu_lto/d' \> conftest.nm
configure:6657: $? = 0
configure:6723: arm-linux-gnueabihf-gcc -o conftest -fPIC  -g -O2 -fPIC  -g -O2 -lc -lgcc -lm -ldl   conftest.c conftstm.o >&5
configure:6726: $? = 0
configure:6764: result: ok
configure:6811: checking for sysroot
configure:6841: result: no
configure:6848: checking for a working dd
configure:6886: result: /bin/dd
configure:6890: checking how to truncate binary pipes
configure:6905: result: /bin/dd bs=4096 count=1
configure:7194: checking for arm-linux-gnueabihf-mt
configure:7224: result: no
configure:7234: checking for mt
configure:7250: found /bin/mt
configure:7261: result: mt
configure:7273: WARNING: using cross tools not prefixed with host triplet
configure:7284: checking if mt is a manifest tool
configure:7290: mt '-?'
configure:7298: result: no
configure:7975: checking how to run the C preprocessor
configure:8006: arm-linux-gnueabihf-gcc -E -fPIC  -g -O2 conftest.c
configure:8006: $? = 0
configure:8020: arm-linux-gnueabihf-gcc -E -fPIC  -g -O2 conftest.c
conftest.c:11:10: fatal error: ac_nonexistent.h: No such file or directory
   11 | #include <ac_nonexistent.h>
      |          ^~~~~~~~~~~~~~~~~~
compilation terminated.
configure:8020: $? = 1
configure: failed program was:
| /* confdefs.h */
| #define PACKAGE_NAME "fdk-aac"
| #define PACKAGE_TARNAME "fdk-aac"
| #define PACKAGE_VERSION "2.0.0"
| #define PACKAGE_STRING "fdk-aac 2.0.0"
| #define PACKAGE_BUGREPORT "http://sourceforge.net/projects/opencore-amr/"
| #define PACKAGE_URL ""
| #define PACKAGE "fdk-aac"
| #define VERSION "2.0.0"
| /* end confdefs.h.  */
| #include <ac_nonexistent.h>
configure:8045: result: arm-linux-gnueabihf-gcc -E
configure:8065: arm-linux-gnueabihf-gcc -E -fPIC  -g -O2 conftest.c
configure:8065: $? = 0
configure:8079: arm-linux-gnueabihf-gcc -E -fPIC  -g -O2 conftest.c
conftest.c:11:10: fatal error: ac_nonexistent.h: No such file or directory
   11 | #include <ac_nonexistent.h>
      |          ^~~~~~~~~~~~~~~~~~
compilation terminated.
configure:8079: $? = 1
configure: failed program was:
| /* confdefs.h */
| #define PACKAGE_NAME "fdk-aac"
| #define PACKAGE_TARNAME "fdk-aac"
| #define PACKAGE_VERSION "2.0.0"
| #define PACKAGE_STRING "fdk-aac 2.0.0"
| #define PACKAGE_BUGREPORT "http://sourceforge.net/projects/opencore-amr/"
| #define PACKAGE_URL ""
| #define PACKAGE "fdk-aac"
| #define VERSION "2.0.0"
| /* end confdefs.h.  */
| #include <ac_nonexistent.h>
configure:8108: checking for ANSI C header files
configure:8128: arm-linux-gnueabihf-gcc -c -fPIC  -g -O2 -fPIC  -g -O2 conftest.c >&5
configure:8128: $? = 0
configure:8212: result: yes
configure:8225: checking for sys/types.h
configure:8225: arm-linux-gnueabihf-gcc -c -fPIC  -g -O2 -fPIC  -g -O2 conftest.c >&5
configure:8225: $? = 0
configure:8225: result: yes
configure:8225: checking for sys/stat.h
configure:8225: arm-linux-gnueabihf-gcc -c -fPIC  -g -O2 -fPIC  -g -O2 conftest.c >&5
configure:8225: $? = 0
configure:8225: result: yes
configure:8225: checking for stdlib.h
configure:8225: arm-linux-gnueabihf-gcc -c -fPIC  -g -O2 -fPIC  -g -O2 conftest.c >&5
configure:8225: $? = 0
configure:8225: result: yes
configure:8225: checking for string.h
configure:8225: arm-linux-gnueabihf-gcc -c -fPIC  -g -O2 -fPIC  -g -O2 conftest.c >&5
configure:8225: $? = 0
configure:8225: result: yes
configure:8225: checking for memory.h
configure:8225: arm-linux-gnueabihf-gcc -c -fPIC  -g -O2 -fPIC  -g -O2 conftest.c >&5
configure:8225: $? = 0
configure:8225: result: yes
configure:8225: checking for strings.h
configure:8225: arm-linux-gnueabihf-gcc -c -fPIC  -g -O2 -fPIC  -g -O2 conftest.c >&5
configure:8225: $? = 0
configure:8225: result: yes
configure:8225: checking for inttypes.h
configure:8225: arm-linux-gnueabihf-gcc -c -fPIC  -g -O2 -fPIC  -g -O2 conftest.c >&5
configure:8225: $? = 0
configure:8225: result: yes
configure:8225: checking for stdint.h
configure:8225: arm-linux-gnueabihf-gcc -c -fPIC  -g -O2 -fPIC  -g -O2 conftest.c >&5
configure:8225: $? = 0
configure:8225: result: yes
configure:8225: checking for unistd.h
configure:8225: arm-linux-gnueabihf-gcc -c -fPIC  -g -O2 -fPIC  -g -O2 conftest.c >&5
configure:8225: $? = 0
configure:8225: result: yes
configure:8239: checking for dlfcn.h
configure:8239: arm-linux-gnueabihf-gcc -c -fPIC  -g -O2 -fPIC  -g -O2 conftest.c >&5
configure:8239: $? = 0
configure:8239: result: yes
configure:8506: checking for objdir
configure:8521: result: .libs
configure:8785: checking if arm-linux-gnueabihf-gcc supports -fno-rtti -fno-exceptions
configure:8803: arm-linux-gnueabihf-gcc -c -fPIC  -g -O2 -fPIC  -g -O2 -fno-rtti -fno-exceptions conftest.c >&5
cc1: warning: command-line option '-fno-rtti' is valid for C++/D/ObjC++ but not for C
configure:8807: $? = 0
configure:8820: result: no
configure:9178: checking for arm-linux-gnueabihf-gcc option to produce PIC
configure:9185: result: -fPIC -DPIC
configure:9193: checking if arm-linux-gnueabihf-gcc PIC flag -fPIC -DPIC works
configure:9211: arm-linux-gnueabihf-gcc -c -fPIC  -g -O2 -fPIC  -g -O2 -fPIC -DPIC -DPIC conftest.c >&5
configure:9215: $? = 0
configure:9228: result: yes
configure:9257: checking if arm-linux-gnueabihf-gcc static flag -static works
configure:9285: result: yes
configure:9300: checking if arm-linux-gnueabihf-gcc supports -c -o file.o
configure:9321: arm-linux-gnueabihf-gcc -c -fPIC  -g -O2 -fPIC  -g -O2 -o out/conftest2.o conftest.c >&5
configure:9325: $? = 0
configure:9347: result: yes
configure:9355: checking if arm-linux-gnueabihf-gcc supports -c -o file.o
configure:9402: result: yes
configure:9435: checking whether the arm-linux-gnueabihf-gcc linker (/tools/toolchain.now/gcc-11.1.0-20210608-sigmastar-glibc-x86_64_arm-linux-gnueabihf/arm-linux-gnueabihf/bin/ld) supports shared libraries
configure:10698: result: yes
configure:10735: checking whether -lc should be explicitly linked in
configure:10743: arm-linux-gnueabihf-gcc -c -fPIC  -g -O2 -fPIC  -g -O2 conftest.c >&5
configure:10746: $? = 0
configure:10761: arm-linux-gnueabihf-gcc -shared  -fPIC -DPIC conftest.o  -v -Wl,-soname -Wl,conftest -o conftest 2\>\&1 \| /bin/grep  -lc  \>/dev/null 2\>\&1
configure:10764: $? = 0
configure:10778: result: no
configure:10938: checking dynamic linker characteristics
configure:11519: arm-linux-gnueabihf-gcc -o conftest -fPIC  -g -O2 -fPIC  -g -O2 -lc -lgcc -lm -ldl   -Wl,-rpath -Wl,/foo conftest.c  >&5
configure:11519: $? = 0
configure:11768: result: GNU/Linux ld.so
configure:11890: checking how to hardcode library paths into programs
configure:11915: result: immediate
configure:12463: checking whether stripping libraries is possible
configure:12468: result: yes
configure:12503: checking if libtool supports shared libraries
configure:12505: result: yes
configure:12508: checking whether to build shared libraries
configure:12533: result: yes
configure:12536: checking whether to build static libraries
configure:12540: result: yes
configure:12563: checking how to run the C++ preprocessor
configure:12590: arm-linux-gnueabihf-g++ -E -fPIC  -g -O2 conftest.cpp
configure:12590: $? = 0
configure:12604: arm-linux-gnueabihf-g++ -E -fPIC  -g -O2 conftest.cpp
conftest.cpp:23:10: fatal error: ac_nonexistent.h: No such file or directory
   23 | #include <ac_nonexistent.h>
      |          ^~~~~~~~~~~~~~~~~~
compilation terminated.
configure:12604: $? = 1
configure: failed program was:
| /* confdefs.h */
| #define PACKAGE_NAME "fdk-aac"
| #define PACKAGE_TARNAME "fdk-aac"
| #define PACKAGE_VERSION "2.0.0"
| #define PACKAGE_STRING "fdk-aac 2.0.0"
| #define PACKAGE_BUGREPORT "http://sourceforge.net/projects/opencore-amr/"
| #define PACKAGE_URL ""
| #define PACKAGE "fdk-aac"
| #define VERSION "2.0.0"
| #define STDC_HEADERS 1
| #define HAVE_SYS_TYPES_H 1
| #define HAVE_SYS_STAT_H 1
| #define HAVE_STDLIB_H 1
| #define HAVE_STRING_H 1
| #define HAVE_MEMORY_H 1
| #define HAVE_STRINGS_H 1
| #define HAVE_INTTYPES_H 1
| #define HAVE_STDINT_H 1
| #define HAVE_UNISTD_H 1
| #define HAVE_DLFCN_H 1
| #define LT_OBJDIR ".libs/"
| /* end confdefs.h.  */
| #include <ac_nonexistent.h>
configure:12629: result: arm-linux-gnueabihf-g++ -E
configure:12649: arm-linux-gnueabihf-g++ -E -fPIC  -g -O2 conftest.cpp
configure:12649: $? = 0
configure:12663: arm-linux-gnueabihf-g++ -E -fPIC  -g -O2 conftest.cpp
conftest.cpp:23:10: fatal error: ac_nonexistent.h: No such file or directory
   23 | #include <ac_nonexistent.h>
      |          ^~~~~~~~~~~~~~~~~~
compilation terminated.
configure:12663: $? = 1
configure: failed program was:
| /* confdefs.h */
| #define PACKAGE_NAME "fdk-aac"
| #define PACKAGE_TARNAME "fdk-aac"
| #define PACKAGE_VERSION "2.0.0"
| #define PACKAGE_STRING "fdk-aac 2.0.0"
| #define PACKAGE_BUGREPORT "http://sourceforge.net/projects/opencore-amr/"
| #define PACKAGE_URL ""
| #define PACKAGE "fdk-aac"
| #define VERSION "2.0.0"
| #define STDC_HEADERS 1
| #define HAVE_SYS_TYPES_H 1
| #define HAVE_SYS_STAT_H 1
| #define HAVE_STDLIB_H 1
| #define HAVE_STRING_H 1
| #define HAVE_MEMORY_H 1
| #define HAVE_STRINGS_H 1
| #define HAVE_INTTYPES_H 1
| #define HAVE_STDINT_H 1
| #define HAVE_UNISTD_H 1
| #define HAVE_DLFCN_H 1
| #define LT_OBJDIR ".libs/"
| /* end confdefs.h.  */
| #include <ac_nonexistent.h>
configure:12825: checking for ld used by arm-linux-gnueabihf-g++
configure:12892: result: /tools/toolchain.now/gcc-11.1.0-20210608-sigmastar-glibc-x86_64_arm-linux-gnueabihf/arm-linux-gnueabihf/bin/ld
configure:12899: checking if the linker (/tools/toolchain.now/gcc-11.1.0-20210608-sigmastar-glibc-x86_64_arm-linux-gnueabihf/arm-linux-gnueabihf/bin/ld) is GNU ld
configure:12914: result: yes
configure:12969: checking whether the arm-linux-gnueabihf-g++ linker (/tools/toolchain.now/gcc-11.1.0-20210608-sigmastar-glibc-x86_64_arm-linux-gnueabihf/arm-linux-gnueabihf/bin/ld) supports shared libraries
configure:14042: result: yes
configure:14078: arm-linux-gnueabihf-g++ -c -g -O2 -fPIC  -g -O2 conftest.cpp >&5
configure:14081: $? = 0
configure:14562: checking for arm-linux-gnueabihf-g++ option to produce PIC
configure:14569: result: -fPIC -DPIC
configure:14577: checking if arm-linux-gnueabihf-g++ PIC flag -fPIC -DPIC works
configure:14595: arm-linux-gnueabihf-g++ -c -g -O2 -fPIC  -g -O2 -fPIC -DPIC -DPIC conftest.cpp >&5
configure:14599: $? = 0
configure:14612: result: yes
configure:14635: checking if arm-linux-gnueabihf-g++ static flag -static works
configure:14663: result: yes
configure:14675: checking if arm-linux-gnueabihf-g++ supports -c -o file.o
configure:14696: arm-linux-gnueabihf-g++ -c -g -O2 -fPIC  -g -O2 -o out/conftest2.o conftest.cpp >&5
configure:14700: $? = 0
configure:14722: result: yes
configure:14727: checking if arm-linux-gnueabihf-g++ supports -c -o file.o
configure:14774: result: yes
configure:14804: checking whether the arm-linux-gnueabihf-g++ linker (/tools/toolchain.now/gcc-11.1.0-20210608-sigmastar-glibc-x86_64_arm-linux-gnueabihf/arm-linux-gnueabihf/bin/ld) supports shared libraries
configure:14847: result: yes
configure:14988: checking dynamic linker characteristics
configure:15745: result: GNU/Linux ld.so
configure:15810: checking how to hardcode library paths into programs
configure:15835: result: immediate
configure:15897: checking for library containing sin
configure:15928: arm-linux-gnueabihf-gcc -o conftest -fPIC  -g -O2 -fPIC  -g -O2 -lc -lgcc -lm -ldl   conftest.c  >&5
conftest.c:30:6: warning: conflicting types for built-in function 'sin'; expected 'double(double)' [-Wbuiltin-declaration-mismatch]
   30 | char sin ();
      |      ^~~
conftest.c:1:1: note: 'sin' is declared in header '<math.h>'
    1 | /* confdefs.h */
configure:15928: $? = 0
configure:15945: result: none required
configure:16112: checking that generated files are newer than configure
configure:16118: result: done
configure:16149: creating ./config.status

## ---------------------- ##
## Running config.status. ##
## ---------------------- ##

This file was extended by fdk-aac config.status 2.0.0, which was
generated by GNU Autoconf 2.69.  Invocation command line was

  CONFIG_FILES    = 
  CONFIG_HEADERS  = 
  CONFIG_LINKS    = 
  CONFIG_COMMANDS = 
  $ ./config.status 

on xml3bc06401

config.status:1076: creating Makefile
config.status:1076: creating fdk-aac.pc
config.status:1248: executing depfiles commands
config.status:1248: executing libtool commands

## ---------------- ##
## Cache variables. ##
## ---------------- ##

ac_cv_build=x86_64-pc-linux-gnu
ac_cv_c_compiler_gnu=yes
ac_cv_cxx_compiler_gnu=yes
ac_cv_env_CCC_set=
ac_cv_env_CCC_value=
ac_cv_env_CC_set=set
ac_cv_env_CC_value=arm-linux-gnueabihf-gcc
ac_cv_env_CFLAGS_set=set
ac_cv_env_CFLAGS_value='-fPIC  -g -O2'
ac_cv_env_CPPFLAGS_set=set
ac_cv_env_CPPFLAGS_value='-fPIC  -g -O2'
ac_cv_env_CPP_set=
ac_cv_env_CPP_value=
ac_cv_env_CXXCPP_set=
ac_cv_env_CXXCPP_value=
ac_cv_env_CXXFLAGS_set=
ac_cv_env_CXXFLAGS_value=
ac_cv_env_CXX_set=set
ac_cv_env_CXX_value=arm-linux-gnueabihf-g++
ac_cv_env_LDFLAGS_set=set
ac_cv_env_LDFLAGS_value='-lc -lgcc -lm -ldl  '
ac_cv_env_LIBS_set=
ac_cv_env_LIBS_value=
ac_cv_env_LT_SYS_LIBRARY_PATH_set=
ac_cv_env_LT_SYS_LIBRARY_PATH_value=
ac_cv_env_build_alias_set=
ac_cv_env_build_alias_value=
ac_cv_env_host_alias_set=set
ac_cv_env_host_alias_value=arm-linux-gnueabihf
ac_cv_env_target_alias_set=
ac_cv_env_target_alias_value=
ac_cv_header_dlfcn_h=yes
ac_cv_header_inttypes_h=yes
ac_cv_header_memory_h=yes
ac_cv_header_stdc=yes
ac_cv_header_stdint_h=yes
ac_cv_header_stdlib_h=yes
ac_cv_header_string_h=yes
ac_cv_header_strings_h=yes
ac_cv_header_sys_stat_h=yes
ac_cv_header_sys_types_h=yes
ac_cv_header_unistd_h=yes
ac_cv_host=arm-unknown-linux-gnueabihf
ac_cv_objext=o
ac_cv_path_EGREP='/bin/grep -E'
ac_cv_path_FGREP='/bin/grep -F'
ac_cv_path_GREP=/bin/grep
ac_cv_path_SED=/bin/sed
ac_cv_path_install='/usr/bin/install -c'
ac_cv_path_lt_DD=/bin/dd
ac_cv_path_mkdir=/bin/mkdir
ac_cv_prog_AR=arm-linux-gnueabihf-ar
ac_cv_prog_AWK=gawk
ac_cv_prog_CC=arm-linux-gnueabihf-gcc
ac_cv_prog_CPP='arm-linux-gnueabihf-gcc -E'
ac_cv_prog_CXXCPP='arm-linux-gnueabihf-g++ -E'
ac_cv_prog_OBJDUMP=arm-linux-gnueabihf-objdump
ac_cv_prog_RANLIB=arm-linux-gnueabihf-ranlib
ac_cv_prog_STRIP=arm-linux-gnueabihf-strip
ac_cv_prog_ac_ct_MANIFEST_TOOL=mt
ac_cv_prog_cc_c89=
ac_cv_prog_cc_g=yes
ac_cv_prog_cxx_g=yes
ac_cv_prog_make_make_set=yes
ac_cv_search_sin='none required'
am_cv_CC_dependencies_compiler_type=gcc3
am_cv_CXX_dependencies_compiler_type=gcc3
am_cv_make_support_nested_variables=yes
am_cv_prog_cc_c_o=yes
am_cv_prog_tar_ustar=gnutar
lt_cv_ar_at_file=@
lt_cv_archive_cmds_need_lc=no
lt_cv_deplibs_check_method=pass_all
lt_cv_file_magic_cmd='$MAGIC_CMD'
lt_cv_file_magic_test_file=
lt_cv_ld_reload_flag=-r
lt_cv_nm_interface='BSD nm'
lt_cv_objdir=.libs
lt_cv_path_LD=/tools/toolchain.now/gcc-11.1.0-20210608-sigmastar-glibc-x86_64_arm-linux-gnueabihf/arm-linux-gnueabihf/bin/ld
lt_cv_path_LDCXX=/tools/toolchain.now/gcc-11.1.0-20210608-sigmastar-glibc-x86_64_arm-linux-gnueabihf/arm-linux-gnueabihf/bin/ld
lt_cv_path_NM='/tools/toolchain/gcc-11.1.0-20210608-sigmastar-glibc-x86_64_arm-linux-gnueabihf/bin/arm-linux-gnueabihf-nm -B'
lt_cv_path_mainfest_tool=no
lt_cv_prog_compiler_c_o=yes
lt_cv_prog_compiler_c_o_CXX=yes
lt_cv_prog_compiler_pic='-fPIC -DPIC'
lt_cv_prog_compiler_pic_CXX='-fPIC -DPIC'
lt_cv_prog_compiler_pic_works=yes
lt_cv_prog_compiler_pic_works_CXX=yes
lt_cv_prog_compiler_rtti_exceptions=no
lt_cv_prog_compiler_static_works=yes
lt_cv_prog_compiler_static_works_CXX=yes
lt_cv_prog_gnu_ld=yes
lt_cv_prog_gnu_ldcxx=yes
lt_cv_sharedlib_from_linklib_cmd='printf %s\n'
lt_cv_shlibpath_overrides_runpath=no
lt_cv_sys_global_symbol_pipe='sed -n -e '\''s/^.*[	 ]\([ABCDGIRSTW][ABCDGIRSTW]*\)[	 ][	 ]*\([_A-Za-z][_A-Za-z0-9]*\)$/\1 \2 \2/p'\'' | sed '\''/ __gnu_lto/d'\'''
lt_cv_sys_global_symbol_to_c_name_address='sed -n -e '\''s/^: \(.*\) .*$/  {"\1", (void *) 0},/p'\'' -e '\''s/^[ABCDGIRSTW][ABCDGIRSTW]* .* \(.*\)$/  {"\1", (void *) \&\1},/p'\'''
lt_cv_sys_global_symbol_to_c_name_address_lib_prefix='sed -n -e '\''s/^: \(.*\) .*$/  {"\1", (void *) 0},/p'\'' -e '\''s/^[ABCDGIRSTW][ABCDGIRSTW]* .* \(lib.*\)$/  {"\1", (void *) \&\1},/p'\'' -e '\''s/^[ABCDGIRSTW][ABCDGIRSTW]* .* \(.*\)$/  {"lib\1", (void *) \&\1},/p'\'''
lt_cv_sys_global_symbol_to_cdecl='sed -n -e '\''s/^T .* \(.*\)$/extern int \1();/p'\'' -e '\''s/^[ABCDGIRSTW][ABCDGIRSTW]* .* \(.*\)$/extern char \1;/p'\'''
lt_cv_sys_global_symbol_to_import=
lt_cv_sys_max_cmd_len=1572864
lt_cv_to_host_file_cmd=func_convert_file_noop
lt_cv_to_tool_file_cmd=func_convert_file_noop
lt_cv_truncate_bin='/bin/dd bs=4096 count=1'

## ----------------- ##
## Output variables. ##
## ----------------- ##

ACLOCAL='${SHELL} /home/zhenya.hong/dev_i6dc_bringup-cardv/sdk/verify/CardvUI/ffmpeg/fdk-aac-2.0.0/missing aclocal-1.15'
AMDEPBACKSLASH='\'
AMDEP_FALSE='#'
AMDEP_TRUE=''
AMTAR='$${TAR-tar}'
AM_BACKSLASH='\'
AM_DEFAULT_V='$(AM_DEFAULT_VERBOSITY)'
AM_DEFAULT_VERBOSITY='0'
AM_V='$(V)'
AR='arm-linux-gnueabihf-ar'
AUTOCONF='${SHELL} /home/zhenya.hong/dev_i6dc_bringup-cardv/sdk/verify/CardvUI/ffmpeg/fdk-aac-2.0.0/missing autoconf'
AUTOHEADER='${SHELL} /home/zhenya.hong/dev_i6dc_bringup-cardv/sdk/verify/CardvUI/ffmpeg/fdk-aac-2.0.0/missing autoheader'
AUTOMAKE='${SHELL} /home/zhenya.hong/dev_i6dc_bringup-cardv/sdk/verify/CardvUI/ffmpeg/fdk-aac-2.0.0/missing automake-1.15'
AWK='gawk'
CC='arm-linux-gnueabihf-gcc'
CCDEPMODE='depmode=gcc3'
CFLAGS='-fPIC  -g -O2'
CPP='arm-linux-gnueabihf-gcc -E'
CPPFLAGS='-fPIC  -g -O2'
CXX='arm-linux-gnueabihf-g++'
CXXCPP='arm-linux-gnueabihf-g++ -E'
CXXDEPMODE='depmode=gcc3'
CXXFLAGS='-g -O2'
CYGPATH_W='echo'
DEFS='-DPACKAGE_NAME=\"fdk-aac\" -DPACKAGE_TARNAME=\"fdk-aac\" -DPACKAGE_VERSION=\"2.0.0\" -DPACKAGE_STRING=\"fdk-aac\ 2.0.0\" -DPACKAGE_BUGREPORT=\"http://sourceforge.net/projects/opencore-amr/\" -DPACKAGE_URL=\"\" -DPACKAGE=\"fdk-aac\" -DVERSION=\"2.0.0\" -DSTDC_HEADERS=1 -DHAVE_SYS_TYPES_H=1 -DHAVE_SYS_STAT_H=1 -DHAVE_STDLIB_H=1 -DHAVE_STRING_H=1 -DHAVE_MEMORY_H=1 -DHAVE_STRINGS_H=1 -DHAVE_INTTYPES_H=1 -DHAVE_STDINT_H=1 -DHAVE_UNISTD_H=1 -DHAVE_DLFCN_H=1 -DLT_OBJDIR=\".libs/\"'
DEPDIR='.deps'
DLLTOOL='false'
DSYMUTIL=''
DUMPBIN=''
ECHO_C=''
ECHO_N='-n'
ECHO_T=''
EGREP='/bin/grep -E'
EXAMPLE_FALSE=''
EXAMPLE_TRUE='#'
EXEEXT=''
FDK_AAC_VERSION='2:0:0'
FGREP='/bin/grep -F'
GREP='/bin/grep'
INSTALL_DATA='${INSTALL} -m 644'
INSTALL_PROGRAM='${INSTALL}'
INSTALL_SCRIPT='${INSTALL}'
INSTALL_STRIP_PROGRAM='$(install_sh) -c -s'
LD='/tools/toolchain.now/gcc-11.1.0-20210608-sigmastar-glibc-x86_64_arm-linux-gnueabihf/arm-linux-gnueabihf/bin/ld'
LDFLAGS='-lc -lgcc -lm -ldl  '
LIBOBJS=''
LIBS=''
LIBS_PRIVATE=''
LIBS_PUBLIC=''
LIBTOOL='$(SHELL) $(top_builddir)/libtool'
LIPO=''
LN_S='ln -s'
LTLIBOBJS=''
LT_SYS_LIBRARY_PATH=''
MAKEINFO='${SHELL} /home/zhenya.hong/dev_i6dc_bringup-cardv/sdk/verify/CardvUI/ffmpeg/fdk-aac-2.0.0/missing makeinfo'
MANIFEST_TOOL=':'
MKDIR_P='/bin/mkdir -p'
NM='/tools/toolchain/gcc-11.1.0-20210608-sigmastar-glibc-x86_64_arm-linux-gnueabihf/bin/arm-linux-gnueabihf-nm -B'
NMEDIT=''
OBJDUMP='arm-linux-gnueabihf-objdump'
OBJEXT='o'
OTOOL64=''
OTOOL=''
PACKAGE='fdk-aac'
PACKAGE_BUGREPORT='http://sourceforge.net/projects/opencore-amr/'
PACKAGE_NAME='fdk-aac'
PACKAGE_STRING='fdk-aac 2.0.0'
PACKAGE_TARNAME='fdk-aac'
PACKAGE_URL=''
PACKAGE_VERSION='2.0.0'
PATH_SEPARATOR=':'
RANLIB='arm-linux-gnueabihf-ranlib'
SED='/bin/sed'
SET_MAKE=''
SHELL='/bin/sh'
STRIP='arm-linux-gnueabihf-strip'
VERSION='2.0.0'
ac_ct_AR=''
ac_ct_CC=''
ac_ct_CXX=''
ac_ct_DUMPBIN=''
am__EXEEXT_FALSE=''
am__EXEEXT_TRUE='#'
am__fastdepCC_FALSE='#'
am__fastdepCC_TRUE=''
am__fastdepCXX_FALSE='#'
am__fastdepCXX_TRUE=''
am__include='include'
am__isrc=''
am__leading_dot='.'
am__nodep='_no'
am__quote=''
am__tar='tar --format=ustar -chf - "$$tardir"'
am__untar='tar -xf -'
bindir='${exec_prefix}/bin'
build='x86_64-pc-linux-gnu'
build_alias=''
build_cpu='x86_64'
build_os='linux-gnu'
build_vendor='pc'
datadir='${datarootdir}'
datarootdir='${prefix}/share'
docdir='${datarootdir}/doc/${PACKAGE_TARNAME}'
dvidir='${docdir}'
exec_prefix='${prefix}'
host='arm-unknown-linux-gnueabihf'
host_alias='arm-linux-gnueabihf'
host_cpu='arm'
host_os='linux-gnueabihf'
host_vendor='unknown'
htmldir='${docdir}'
includedir='${prefix}/include'
infodir='${datarootdir}/info'
install_sh='${SHELL} /home/zhenya.hong/dev_i6dc_bringup-cardv/sdk/verify/CardvUI/ffmpeg/fdk-aac-2.0.0/install-sh'
libdir='${exec_prefix}/lib'
libexecdir='${exec_prefix}/libexec'
localedir='${datarootdir}/locale'
localstatedir='${prefix}/var'
mandir='${datarootdir}/man'
mkdir_p='$(MKDIR_P)'
oldincludedir='/usr/include'
pdfdir='${docdir}'
prefix='/home/zhenya.hong/dev_i6dc_bringup-cardv/sdk/verify/CardvUI/ffmpeg/fdk-aac-2.0.0/output/glibc/9.1.0'
program_transform_name='s,x,x,'
psdir='${docdir}'
runstatedir='${localstatedir}/run'
sbindir='${exec_prefix}/sbin'
sharedstatedir='${prefix}/com'
sysconfdir='${prefix}/etc'
target_alias=''

## ----------- ##
## confdefs.h. ##
## ----------- ##

/* confdefs.h */
#define PACKAGE_NAME "fdk-aac"
#define PACKAGE_TARNAME "fdk-aac"
#define PACKAGE_VERSION "2.0.0"
#define PACKAGE_STRING "fdk-aac 2.0.0"
#define PACKAGE_BUGREPORT "http://sourceforge.net/projects/opencore-amr/"
#define PACKAGE_URL ""
#define PACKAGE "fdk-aac"
#define VERSION "2.0.0"
#define STDC_HEADERS 1
#define HAVE_SYS_TYPES_H 1
#define HAVE_SYS_STAT_H 1
#define HAVE_STDLIB_H 1
#define HAVE_STRING_H 1
#define HAVE_MEMORY_H 1
#define HAVE_STRINGS_H 1
#define HAVE_INTTYPES_H 1
#define HAVE_STDINT_H 1
#define HAVE_UNISTD_H 1
#define HAVE_DLFCN_H 1
#define LT_OBJDIR ".libs/"

configure: exit 0
